<?xml version="1.0" encoding="UTF-8"?>
<testsuites name="arch-homework e2e" tests="12" time="2.695">
  <testsuite name="1. Auth / Register user" id="17c586cc-d076-424e-96f6-8657e7e644d6" timestamp="2026-07-19T07:52:14.602Z" tests="2" failures="0" errors="0" time="0.631">
    <testcase name="register: status is 2xx" time="0.631" classname="1AuthRegisterUser"/>
    <testcase name="register: username saved" time="0.631" classname="1AuthRegisterUser"/>
  </testsuite>
  <testsuite name="1. Auth / Login" id="6fa822f2-e3f0-4f4f-80dd-e3f47f883fe1" timestamp="2026-07-19T07:52:14.602Z" tests="2" failures="0" errors="0" time="0.520">
    <testcase name="login: status is 2xx" time="0.520" classname="1AuthLogin"/>
    <testcase name="login: token is present" time="0.520" classname="1AuthLogin"/>
  </testsuite>
  <testsuite name="1. Auth / Create profile" id="2744babf-e19d-4695-acfe-6ae57a48ca3c" timestamp="2026-07-19T07:52:14.602Z" tests="1" failures="0" errors="0" time="0.155">
    <testcase name="create profile: status is 2xx" time="0.155" classname="1AuthCreateProfile"/>
  </testsuite>
  <testsuite name="2. Billing account is auto-created / Get billing account" id="70aa91f0-72bd-488d-922f-a62fe1bb355c" timestamp="2026-07-19T07:52:14.602Z" tests="3" failures="0" errors="0" time="0.104">
    <testcase name="billing: status is 2xx" time="0.104" classname="2BillingAccountIsAutoCreatedGetBillingAccount"/>
    <testcase name="billing: account exists for user" time="0.104" classname="2BillingAccountIsAutoCreatedGetBillingAccount"/>
    <testcase name="billing: initial balance is 0" time="0.104" classname="2BillingAccountIsAutoCreatedGetBillingAccount"/>
  </testsuite>
  <testsuite name="3. Top up balance / Top up (PUT /billing)" id="61ef5e2a-2e82-42ed-aa0c-c591d76483a4" timestamp="2026-07-19T07:52:14.602Z" tests="1" failures="0" errors="0" time="0.172">
    <testcase name="top-up: status is 2xx" time="0.172" classname="3TopUpBalanceTopUpPutBilling"/>
  </testsuite>
  <testsuite name="3. Top up balance / Verify balance after top-up" id="34f2a9b6-f6cb-4595-8a4a-26caaa6fde77" timestamp="2026-07-19T07:52:14.602Z" tests="2" failures="0" errors="0" time="0.107">
    <testcase name="balance after top-up: status is 2xx" time="0.107" classname="3TopUpBalanceVerifyBalanceAfterTopUp"/>
    <testcase name="balance after top-up: equals 16.9" time="0.107" classname="3TopUpBalanceVerifyBalanceAfterTopUp"/>
  </testsuite>
  <testsuite name="4. Successful order (debited balance) / Create order (price=10)" id="6949f1c2-e41e-4bd7-b4a6-9291ddd52231" timestamp="2026-07-19T07:52:14.602Z" tests="1" failures="0" errors="0" time="0.107">
    <testcase name="order success: status is 2xx" time="0.107" classname="4SuccessfulOrderDebitedBalanceCreateOrderPrice10"/>
  </testsuite>
  <testsuite name="4. Successful order (debited balance) / Verify balance after successful order" id="d2d8ae61-9b32-4209-8b64-aa28d2335c81" timestamp="2026-07-19T07:52:14.602Z" tests="2" failures="0" errors="0" time="0.101">
    <testcase name="balance after order: status is 2xx" time="0.101" classname="4SuccessfulOrderDebitedBalanceVerifyBalanceAfterSuccessfulOrder"/>
    <testcase name="balance after order: debited by 10 (16.9 -> 6.9)" time="0.101" classname="4SuccessfulOrderDebitedBalanceVerifyBalanceAfterSuccessfulOrder"/>
  </testsuite>
  <testsuite name="4. Successful order (debited balance) / Verify notification for successful order" id="bdf6e744-f987-406d-9936-3dde3ddff59e" timestamp="2026-07-19T07:52:14.602Z" tests="3" failures="0" errors="0" time="0.156">
    <testcase name="notifications: status is 2xx" time="0.156" classname="4SuccessfulOrderDebitedBalanceVerifyNotificationForSuccessfulOrder"/>
    <testcase name="notifications: is a non-empty array" time="0.156" classname="4SuccessfulOrderDebitedBalanceVerifyNotificationForSuccessfulOrder"/>
    <testcase name="notifications: at least one success message about order" time="0.156" classname="4SuccessfulOrderDebitedBalanceVerifyNotificationForSuccessfulOrder"/>
  </testsuite>
  <testsuite name="5. Failed order (balance unchanged) / Create order (price=100, insufficient funds)" id="ade16d21-a3fe-420c-ab9e-f85aa6c0c790" timestamp="2026-07-19T07:52:14.602Z" tests="1" failures="0" errors="0" time="0.380">
    <testcase name="order fail: server accepted (returns 4xx for business error)" time="0.380" classname="5FailedOrderBalanceUnchangedCreateOrderPrice100InsufficientFunds"/>
  </testsuite>
  <testsuite name="5. Failed order (balance unchanged) / Verify balance unchanged" id="8367d988-db19-4b21-ae5c-2ceb244405c8" timestamp="2026-07-19T07:52:14.602Z" tests="2" failures="0" errors="0" time="0.159">
    <testcase name="balance after fail: status is 2xx" time="0.159" classname="5FailedOrderBalanceUnchangedVerifyBalanceUnchanged"/>
    <testcase name="balance after fail: still 6.9 (unchanged)" time="0.159" classname="5FailedOrderBalanceUnchangedVerifyBalanceUnchanged"/>
  </testsuite>
  <testsuite name="5. Failed order (balance unchanged) / Verify notification for failed order" id="0715e03c-834d-4be8-962c-0a6a216fb086" timestamp="2026-07-19T07:52:14.602Z" tests="2" failures="0" errors="0" time="0.103">
    <testcase name="notifications: status is 2xx" time="0.103" classname="5FailedOrderBalanceUnchangedVerifyNotificationForFailedOrder"/>
    <testcase name="notifications: at least one insufficient-funds message" time="0.103" classname="5FailedOrderBalanceUnchangedVerifyNotificationForFailedOrder"/>
  </testsuite>
</testsuites>