<?xml version="1.0" encoding="UTF-8"?>
<testsuites name="arch-homework e2e" tests="12" time="2.576">
  <testsuite name="1. Auth / Register user" id="d9347484-53b0-49e1-9d5f-b526a24d0d69" timestamp="2026-07-19T08:08:53.551Z" tests="2" failures="0" errors="0" time="0.560">
    <testcase name="register: status is 2xx" time="0.560" classname="1AuthRegisterUser"/>
    <testcase name="register: username saved" time="0.560" classname="1AuthRegisterUser"/>
  </testsuite>
  <testsuite name="1. Auth / Login" id="f4c3f150-6200-4506-812f-148b07c009ec" timestamp="2026-07-19T08:08:53.551Z" tests="2" failures="0" errors="0" time="0.430">
    <testcase name="login: status is 2xx" time="0.430" classname="1AuthLogin"/>
    <testcase name="login: token is present" time="0.430" classname="1AuthLogin"/>
  </testsuite>
  <testsuite name="1. Auth / Create profile" id="d0670ac5-8ccf-4f0a-9e3e-619f8c8b5109" timestamp="2026-07-19T08:08:53.551Z" tests="1" failures="0" errors="0" time="0.112">
    <testcase name="create profile: status is 2xx" time="0.112" classname="1AuthCreateProfile"/>
  </testsuite>
  <testsuite name="2. Billing account is auto-created / Get billing account" id="ba0616f7-6f6c-4076-9790-2bbc8421681f" timestamp="2026-07-19T08:08:53.551Z" tests="3" failures="0" errors="0" time="0.273">
    <testcase name="billing: status is 2xx" time="0.273" classname="2BillingAccountIsAutoCreatedGetBillingAccount"/>
    <testcase name="billing: account exists for user" time="0.273" classname="2BillingAccountIsAutoCreatedGetBillingAccount"/>
    <testcase name="billing: initial balance is 0" time="0.273" classname="2BillingAccountIsAutoCreatedGetBillingAccount"/>
  </testsuite>
  <testsuite name="3. Top up balance / Top up (PUT /billing)" id="7337bef4-8c80-4c1a-a0bb-564fe35e91ec" timestamp="2026-07-19T08:08:53.551Z" tests="1" failures="0" errors="0" time="0.104">
    <testcase name="top-up: status is 2xx" time="0.104" classname="3TopUpBalanceTopUpPutBilling"/>
  </testsuite>
  <testsuite name="3. Top up balance / Verify balance after top-up" id="f2cffcab-d52f-4c32-8747-aec92191583c" timestamp="2026-07-19T08:08:53.551Z" tests="2" failures="0" errors="0" time="0.108">
    <testcase name="balance after top-up: status is 2xx" time="0.108" classname="3TopUpBalanceVerifyBalanceAfterTopUp"/>
    <testcase name="balance after top-up: equals 16.9" time="0.108" classname="3TopUpBalanceVerifyBalanceAfterTopUp"/>
  </testsuite>
  <testsuite name="4. Successful order (debited balance) / Create order (price=10)" id="17351331-650e-4a57-8064-5bb28ae4f519" timestamp="2026-07-19T08:08:53.551Z" tests="2" failures="0" errors="0" time="0.273">
    <testcase name="order success: status is 2xx" time="0.273" classname="4SuccessfulOrderDebitedBalanceCreateOrderPrice10"/>
    <testcase name="order success: response has id (UUID)" time="0.273" classname="4SuccessfulOrderDebitedBalanceCreateOrderPrice10"/>
  </testsuite>
  <testsuite name="4. Successful order (debited balance) / Verify balance after successful order" id="c110ff62-2790-4619-b73f-6c439e59c4c3" timestamp="2026-07-19T08:08:53.551Z" tests="2" failures="0" errors="0" time="0.247">
    <testcase name="balance after order: status is 2xx" time="0.247" classname="4SuccessfulOrderDebitedBalanceVerifyBalanceAfterSuccessfulOrder"/>
    <testcase name="balance after order: debited by 10 (16.9 -> 6.9)" time="0.247" classname="4SuccessfulOrderDebitedBalanceVerifyBalanceAfterSuccessfulOrder"/>
  </testsuite>
  <testsuite name="4. Successful order (debited balance) / Verify notification for successful order" id="989194aa-72fa-400f-9550-491eba8eb5ea" timestamp="2026-07-19T08:08:53.551Z" tests="3" failures="0" errors="0" time="0.126">
    <testcase name="notifications: status is 2xx" time="0.126" classname="4SuccessfulOrderDebitedBalanceVerifyNotificationForSuccessfulOrder"/>
    <testcase name="notifications: is a non-empty array" time="0.126" classname="4SuccessfulOrderDebitedBalanceVerifyNotificationForSuccessfulOrder"/>
    <testcase name="notifications: contains success message for orderIdSuccess" time="0.126" classname="4SuccessfulOrderDebitedBalanceVerifyNotificationForSuccessfulOrder"/>
  </testsuite>
  <testsuite name="5. Failed order (balance unchanged) / Create order (price=100, insufficient funds)" id="11ec5cfb-b8be-4953-9cd7-510d4b827a36" timestamp="2026-07-19T08:08:53.551Z" tests="2" failures="0" errors="0" time="0.110">
    <testcase name="order fail: server accepted (returns 4xx for business error)" time="0.110" classname="5FailedOrderBalanceUnchangedCreateOrderPrice100InsufficientFunds"/>
    <testcase name="order fail: response has id (UUID)" time="0.110" classname="5FailedOrderBalanceUnchangedCreateOrderPrice100InsufficientFunds"/>
  </testsuite>
  <testsuite name="5. Failed order (balance unchanged) / Verify balance unchanged" id="c57e0353-0deb-413e-b428-6b279f07cfd2" timestamp="2026-07-19T08:08:53.551Z" tests="2" failures="0" errors="0" time="0.126">
    <testcase name="balance after fail: status is 2xx" time="0.126" classname="5FailedOrderBalanceUnchangedVerifyBalanceUnchanged"/>
    <testcase name="balance after fail: still 6.9 (unchanged)" time="0.126" classname="5FailedOrderBalanceUnchangedVerifyBalanceUnchanged"/>
  </testsuite>
  <testsuite name="5. Failed order (balance unchanged) / Verify notification for failed order" id="3212e7da-1d71-4056-8306-4cb2165f68e7" timestamp="2026-07-19T08:08:53.551Z" tests="2" failures="0" errors="0" time="0.107">
    <testcase name="notifications: status is 2xx" time="0.107" classname="5FailedOrderBalanceUnchangedVerifyNotificationForFailedOrder"/>
    <testcase name="notifications: contains insufficient-funds message for orderIdFail" time="0.107" classname="5FailedOrderBalanceUnchangedVerifyNotificationForFailedOrder"/>
  </testsuite>
</testsuites>